  MemoryPoolLib.cpp
D:\Code\MemoryPoolLib\MemoryPoolLib\Lida\MemoryPool.hpp(86,1): warning C4267: '=': 'size_t'에서 'uint8_t'(으)로 변환하면서 데이터가 손실될 수 있습니다.
D:\Code\MemoryPoolLib\MemoryPoolLib\Lida\MemoryPool.hpp(79): message : 클래스 템플릿 멤버 함수 'void lida::detail::MemoryChunk<12>::deallocate(void *)'을(를) 컴파일하는 중입니다.
D:\Code\MemoryPoolLib\MemoryPoolLib\Lida\MemoryPool.hpp(177): message : 컴파일되는 함수 템플릿 인스턴스화 'void lida::detail::MemoryChunk<12>::deallocate(void *)'에 대한 참조를 확인하세요.
D:\Code\MemoryPoolLib\MemoryPoolLib\Lida\MemoryPool.hpp(172): message : 컴파일되는 클래스 템플릿 인스턴스화 'lida::detail::MemoryChunk<12>'에 대한 참조를 확인하세요.
D:\Code\MemoryPoolLib\MemoryPoolLib\Lida\MemoryPool.hpp(170): message : 클래스 템플릿 멤버 함수 'void lida::MemoryPool<ObjT,0>::deallocate(T *,size_t)'을(를) 컴파일하는 중입니다.
          with
          [
              ObjT=TestObj::Small,
              T=TestObj::Small
          ]
D:\Code\MemoryPoolLib\MemoryPoolLib\MemoryPoolLib.cpp(61): message : 컴파일되는 함수 템플릿 인스턴스화 'void lida::MemoryPool<ObjT,0>::deallocate(T *,size_t)'에 대한 참조를 확인하세요.
          with
          [
              ObjT=TestObj::Small,
              T=TestObj::Small
          ]
D:\Code\MemoryPoolLib\MemoryPoolLib\MemoryPoolLib.cpp(58): message : 컴파일되는 클래스 템플릿 인스턴스화 'lida::MemoryPool<ObjT,0>'에 대한 참조를 확인하세요.
          with
          [
              ObjT=TestObj::Small
          ]
D:\Code\MemoryPoolLib\MemoryPoolLib\MemoryPoolLib.cpp(74): message : 컴파일되는 함수 템플릿 인스턴스화 'void Test<TestObj::Small>(std::string_view)'에 대한 참조를 확인하세요.
D:\Code\MemoryPoolLib\MemoryPoolLib\Lida\MemoryPool.hpp(45,1): warning C4267: '=': 'size_t'에서 'uint8_t'(으)로 변환하면서 데이터가 손실될 수 있습니다.
D:\Code\MemoryPoolLib\MemoryPoolLib\Lida\MemoryPool.hpp(40): message : 클래스 템플릿 멤버 함수 'lida::detail::MemoryChunk<12>::MemoryChunk(void)'을(를) 컴파일하는 중입니다.
C:\Program Files\Microsoft Visual Studio\2022\Professional\VC\Tools\MSVC\14.30.30705\include\xmemory(681): message : 컴파일되는 함수 템플릿 인스턴스화 'lida::detail::MemoryChunk<12>::MemoryChunk(void)'에 대한 참조를 확인하세요.
  코드를 생성하고 있습니다.
  Previous IPDB not found, fall back to full compilation.
  All 427 functions were compiled because no usable IPDB/IOBJ from previous compilation was found.
  코드를 생성했습니다.
  MemoryPoolLib.vcxproj -> D:\Code\MemoryPoolLib\x64\Release\MemoryPoolLib.exe
